<?xml version="1.0" encoding="UTF-8"?>
<testsuite name="com.epam.utils.StringUtilsTest" tests="4" skipped="0" failures="0" errors="0" timestamp="2021-08-11T08:57:35" hostname="ART" time="0.03">
  <properties/>
  <testcase name="isPositiveNumberPositiveTest()" classname="com.epam.utils.StringUtilsTest" time="0.024"/>
  <testcase name="isPositiveNumberNegativeTest()" classname="com.epam.utils.StringUtilsTest" time="0.002"/>
  <testcase name="isPositiveNumberZeroTest()" classname="com.epam.utils.StringUtilsTest" time="0.001"/>
  <testcase name="isPositiveNumberNotValidTest()" classname="com.epam.utils.StringUtilsTest" time="0.001"/>
  <system-out><![CDATA[]]></system-out>
  <system-err><![CDATA[]]></system-err>
</testsuite>
