<?xml version="1.0" encoding="UTF-8"?>
<testsuite name="com.epam.utils.StringUtilsTest" tests="4" skipped="0" failures="0" errors="0" timestamp="2021-08-18T08:51:54" hostname="ART" time="0.08">
  <properties/>
  <testcase name="isPositiveNumberPositiveTest()" classname="com.epam.utils.StringUtilsTest" time="0.067"/>
  <testcase name="isPositiveNumberNegativeTest()" classname="com.epam.utils.StringUtilsTest" time="0.003"/>
  <testcase name="isPositiveNumberZeroTest()" classname="com.epam.utils.StringUtilsTest" time="0.005"/>
  <testcase name="isPositiveNumberNotValidTest()" classname="com.epam.utils.StringUtilsTest" time="0.001"/>
  <system-out><![CDATA[]]></system-out>
  <system-err><![CDATA[]]></system-err>
</testsuite>
